<?xml version="1.0" encoding="UTF-8"?>
<!-- Generated by org.testng.reporters.JUnitReportReporter -->
<testsuite skipped="0" hostname="Naveen-Mac.local" name="com.qa.hs.tests.LoginTest" tests="1" failures="0" timestamp="24 Feb 2019 05:19:02 GMT" time="21.686" errors="0">
  <testcase name="loginTest" time="21.686" classname="com.qa.hs.tests.LoginTest"/>
</testsuite> <!-- com.qa.hs.tests.LoginTest -->
